\BOOKMARK [1][-]{section.1}{\376\377\133\236\232\214\116\313\176\315}{}% 1
\BOOKMARK [2][-]{subsection.1.1}{\376\377\133\236\232\214\166\356\166\204}{section.1}% 2
\BOOKMARK [2][-]{subsection.1.2}{\376\377\133\236\232\214\155\101\172\013}{section.1}% 3
\BOOKMARK [1][-]{section.2}{\376\377\133\236\232\214\153\145\232\244}{}% 4
\BOOKMARK [2][-]{subsection.2.1}{\376\377\133\236\232\214\163\257\130\203}{section.2}% 5
\BOOKMARK [2][-]{subsection.2.2}{\376\377\150\070\137\303\116\343\170\001\133\236\163\260}{section.2}% 6
\BOOKMARK [3][-]{subsubsection.2.2.1}{\376\377\116\343\170\001\150\106\147\266}{subsection.2.2}% 7
\BOOKMARK [3][-]{subsubsection.2.2.2}{\376\377\000I\000P\131\064\060\001\000T\000C\000P\131\064\124\214\000T\000C\000P\117\052\131\064\116\345\123\312\116\000\116\233\135\345\121\167\121\375\145\160}{subsection.2.2}% 8
\BOOKMARK [3][-]{subsubsection.2.2.3}{\376\377\000I\000C\000M\000P\000\040\143\242\155\113\143\007\133\232\116\073\147\072}{subsection.2.2}% 9
\BOOKMARK [3][-]{subsubsection.2.2.4}{\376\377\000T\000C\000P\000\040\000c\000o\000n\000n\000e\000c\000t\000\040\142\153\143\317}{subsection.2.2}% 10
\BOOKMARK [3][-]{subsubsection.2.2.5}{\376\377\000T\000C\000P\000\040\000S\000Y\000N\000\040\142\153\143\317}{subsection.2.2}% 11
\BOOKMARK [3][-]{subsubsection.2.2.6}{\376\377\000T\000C\000P\000\040\000F\000I\000N\000\040\142\153\143\317}{subsection.2.2}% 12
\BOOKMARK [3][-]{subsubsection.2.2.7}{\376\377\000U\000D\000P\000\040\142\153\143\317}{subsection.2.2}% 13
\BOOKMARK [3][-]{subsubsection.2.2.8}{\376\377\172\357\123\343\142\153\143\317\126\150\172\013\136\217\000\040\000S\000c\000a\000n\000e\000r}{subsection.2.2}% 14
\BOOKMARK [2][-]{subsection.2.3}{\376\377\133\236\232\214\176\323\147\234}{section.2}% 15
\BOOKMARK [1][-]{section.3}{\376\377\133\236\232\214\220\107\122\060\166\204\225\356\230\230\123\312\211\343\121\263\145\271\154\325}{}% 16
\BOOKMARK [2][-]{subsection.3.1}{\376\377\121\205\200\124\121\375\145\160\225\356\230\230}{section.3}% 17
\BOOKMARK [2][-]{subsection.3.2}{\376\377\145\160\143\156\176\323\147\204\133\232\116\111\225\356\230\230}{section.3}% 18
\BOOKMARK [2][-]{subsection.3.3}{\376\377\145\160\143\156\150\074\137\017\225\356\230\230}{section.3}% 19
\BOOKMARK [2][-]{subsection.3.4}{\376\377\147\103\226\120\225\356\230\230}{section.3}% 20
\BOOKMARK [1][-]{section.4}{\376\377\133\236\232\214\176\323\213\272}{}% 21
