This is XeTeX, Version 3.14159265-2.6-0.999992 (TeX Live 2020) (preloaded format=xelatex 2021.3.24)  11 JUN 2022 19:02
entering extended mode
 restricted \write18 enabled.
 file:line:error style messages enabled.
 %&-line parsing enabled.
**/Users/zhuhaoze/Desktop/南开大学/网络安全技术/大作业/SaliencyCN
(/Users/zhuhaoze/Desktop/南开大学/网络安全技术/大作业/SaliencyCN.tex
LaTeX2e <2020-02-02> patch level 5
L3 programming layer <2020-03-06> (./cvpr.cls
Document Class: cvpr 2020/5/16 Example LaTex class for IEEE CVPR
(/usr/local/texlive/2020/texmf-dist/tex/latex/base/article.cls
Document Class: article 2019/12/20 v1.4l Standard LaTeX document class
(/usr/local/texlive/2020/texmf-dist/tex/latex/base/size10.clo
File: size10.clo 2019/12/20 v1.4l Standard LaTeX file (size option)
)
\c@part=\count163
\c@section=\count164
\c@subsection=\count165
\c@subsubsection=\count166
\c@paragraph=\count167
\c@subparagraph=\count168
\c@figure=\count169
\c@table=\count170
\abovecaptionskip=\skip47
\belowcaptionskip=\skip48
\bibindent=\dimen134
) (/usr/local/texlive/2020/texmf-dist/tex/latex/tools/xspace.sty
Package: xspace 2014/10/28 v1.13 Space after command names (DPC,MH)
) (/usr/local/texlive/2020/texmf-dist/tex/latex/silence/silence.sty
Package: silence 2012/07/02 v1.5b Selective filtering of warnings and error messages
\sl@Save=\count171
\sl@StateNumber=\count172
\sl@MessageCount=\count173
\sl@Casualties=\count174
\sl@Filter=\toks15
\sl@Message=\toks16
\sl@UnexpandedMessage=\toks17
\sl@Mess@ge=\toks18
\sl@WarningCount=\count175
\sl@WarningNumber=\count176
\sl@WarningCasualties=\count177
\sl@TempBOW=\toks19
\sl@BankOfWarnings=\toks20
LaTeX Info: Redefining \GenericWarning on input line 433.
\sl@ErrorCount=\count178
\sl@ErrorNumber=\count179
\sl@ErrorCasualties=\count180
\sl@TempBOE=\toks21
\sl@BankOfErrors=\toks22
LaTeX Info: Redefining \GenericError on input line 601.
) (/usr/local/texlive/2020/texmf-dist/tex/latex/etoolbox/etoolbox.sty
Package: etoolbox 2019/09/21 v2.5h e-TeX tools for LaTeX (JAW)
\etb@tempcnta=\count181
) (/usr/local/texlive/2020/texmf-dist/tex/latex/url/url.sty
\Urlmuskip=\muskip16
Package: url 2013/09/16  ver 3.4  Verb mode for urls, etc.
) (/usr/local/texlive/2020/texmf-dist/tex/latex/graphics/keyval.sty
Package: keyval 2014/10/28 v1.15 key=value parser (DPC)
\KV@toks@=\toks23
)
CVPR 8.5 x 11-Inch Proceedings Style `cvpr.sty'.
\@ctmp=\skip49
\@figindent=\skip50
\cvprrulerbox=\box45
\cvprrulercount=\count182
\cvprruleroffset=\dimen135
\cv@lineheight=\dimen136
\cv@boxheight=\dimen137
\cv@tmpbox=\box46
\cv@refno=\count183
\cv@tot=\count184
\cv@tmpc@=\count185
\cv@tmpc=\count186
) (/usr/local/texlive/2020/texmf-dist/tex/latex/ctex/ctex.sty (/usr/local/texlive/2020/texmf-dist/tex/latex/l3kernel/expl3.sty
Package: expl3 2020-03-06 L3 programming layer (loader) 
 (/usr/local/texlive/2020/texmf-dist/tex/latex/l3backend/l3backend-xdvipdfmx.def
File: l3backend-xdvipdfmx.def 2020-03-12 L3 backend support: xdvipdfmx
\g__graphics_track_int=\count187
\l__pdf_internal_box=\box47
\g__pdf_backend_object_int=\count188
\g__pdf_backend_annotation_int=\count189
))
Package: ctex 2019/05/29 v2.4.16 Chinese adapter in LaTeX (CTEX)
 (/usr/local/texlive/2020/texmf-dist/tex/latex/l3packages/xparse/xparse.sty
Package: xparse 2020-03-06 L3 Experimental document command parser
\l__xparse_current_arg_int=\count190
\g__xparse_grabber_int=\count191
\l__xparse_m_args_int=\count192
\l__xparse_v_nesting_int=\count193
) (/usr/local/texlive/2020/texmf-dist/tex/latex/l3packages/l3keys2e/l3keys2e.sty
Package: l3keys2e 2020-03-06 LaTeX2e option processing using LaTeX3 keys
) (/usr/local/texlive/2020/texmf-dist/tex/latex/ctex/ctexhook.sty
Package: ctexhook 2019/05/29 v2.4.16 Document and package hooks (CTEX)
) (/usr/local/texlive/2020/texmf-dist/tex/latex/ctex/ctexpatch.sty
Package: ctexpatch 2019/05/29 v2.4.16 Patching commands (CTEX)
) (/usr/local/texlive/2020/texmf-dist/tex/latex/base/fix-cm.sty
Package: fix-cm 2015/01/14 v1.1t fixes to LaTeX
 (/usr/local/texlive/2020/texmf-dist/tex/latex/base/ts1enc.def
File: ts1enc.def 2001/06/05 v3.0e (jk/car/fm) Standard LaTeX file
LaTeX Font Info:    Redeclaring font encoding TS1 on input line 47.
)) (/usr/local/texlive/2020/texmf-dist/tex/latex/ms/everysel.sty
Package: everysel 2011/10/28 v1.2 EverySelectfont Package (MS)
)
\l__ctex_tmp_int=\count194
\l__ctex_tmp_box=\box48
\l__ctex_tmp_dim=\dimen138
\g__ctex_section_depth_int=\count195
\g__ctex_font_size_int=\count196
 (/usr/local/texlive/2020/texmf-dist/tex/latex/ctex/config/ctexopts.cfg
File: ctexopts.cfg 2019/05/29 v2.4.16 Option configuration file (CTEX)
) (/usr/local/texlive/2020/texmf-dist/tex/latex/ctex/engine/ctex-engine-xetex.def
File: ctex-engine-xetex.def 2019/05/29 v2.4.16 XeLaTeX adapter (CTEX)
 (/usr/local/texlive/2020/texmf-dist/tex/xelatex/xecjk/xeCJK.sty
Package: xeCJK 2020/02/18 v3.8.2 Typesetting CJK scripts with XeLaTeX
 (/usr/local/texlive/2020/texmf-dist/tex/latex/l3packages/xtemplate/xtemplate.sty
Package: xtemplate 2020-03-06 L3 Experimental prototype document functions
\l__xtemplate_tmp_dim=\dimen139
\l__xtemplate_tmp_int=\count197
\l__xtemplate_tmp_muskip=\muskip17
\l__xtemplate_tmp_skip=\skip51
)
\l__xeCJK_tmp_int=\count198
\l__xeCJK_tmp_box=\box49
\l__xeCJK_tmp_dim=\dimen140
\l__xeCJK_tmp_skip=\skip52
\g__xeCJK_space_factor_int=\count199
\l__xeCJK_begin_int=\count266
\l__xeCJK_end_int=\count267
\c__xeCJK_CJK_class_int=\XeTeXcharclass1
\c__xeCJK_FullLeft_class_int=\XeTeXcharclass2
\c__xeCJK_FullRight_class_int=\XeTeXcharclass3
\c__xeCJK_HalfLeft_class_int=\XeTeXcharclass4
\c__xeCJK_HalfRight_class_int=\XeTeXcharclass5
\c__xeCJK_NormalSpace_class_int=\XeTeXcharclass6
\c__xeCJK_CM_class_int=\XeTeXcharclass7
\c__xeCJK_HangulJamo_class_int=\XeTeXcharclass8
\l__xeCJK_last_skip=\skip53
\g__xeCJK_node_int=\count268
\c__xeCJK_CJK_node_dim=\dimen141
\c__xeCJK_CJK-space_node_dim=\dimen142
\c__xeCJK_default_node_dim=\dimen143
\c__xeCJK_default-space_node_dim=\dimen144
\c__xeCJK_CJK-widow_node_dim=\dimen145
\c__xeCJK_normalspace_node_dim=\dimen146
\l__xeCJK_ccglue_skip=\skip54
\l__xeCJK_ecglue_skip=\skip55
\l__xeCJK_punct_kern_skip=\skip56
\l__xeCJK_last_penalty_int=\count269
\l__xeCJK_last_bound_dim=\dimen147
\l__xeCJK_last_kern_dim=\dimen148
\l__xeCJK_widow_penalty_int=\count270

Package xtemplate Info: Declaring object type 'xeCJK/punctuation' taking 0
(xtemplate)             argument(s) on line 2302.

\l__xeCJK_fixed_punct_width_dim=\dimen149
\l__xeCJK_mixed_punct_width_dim=\dimen150
\l__xeCJK_middle_punct_width_dim=\dimen151
\l__xeCJK_fixed_margin_width_dim=\dimen152
\l__xeCJK_mixed_margin_width_dim=\dimen153
\l__xeCJK_middle_margin_width_dim=\dimen154
\l__xeCJK_bound_punct_width_dim=\dimen155
\l__xeCJK_bound_margin_width_dim=\dimen156
\l__xeCJK_margin_minimum_dim=\dimen157
\l__xeCJK_kerning_total_width_dim=\dimen158
\l__xeCJK_same_align_margin_dim=\dimen159
\l__xeCJK_different_align_margin_dim=\dimen160
\l__xeCJK_kerning_margin_width_dim=\dimen161
\l__xeCJK_kerning_margin_minimum_dim=\dimen162
\l__xeCJK_bound_dim=\dimen163
\l__xeCJK_reverse_bound_dim=\dimen164
\l__xeCJK_margin_dim=\dimen165
\l__xeCJK_minimum_bound_dim=\dimen166
\l__xeCJK_kerning_margin_dim=\dimen167
\g__xeCJK_family_int=\count271
\l__xeCJK_fam_int=\count272
\g__xeCJK_fam_allocation_int=\count273
\l__xeCJK_verb_case_int=\count274
\l__xeCJK_verb_exspace_skip=\skip57
 (/usr/local/texlive/2020/texmf-dist/tex/latex/fontspec/fontspec.sty
Package: fontspec 2020/02/21 v2.7i Font selection for XeLaTeX and LuaLaTeX
 (/usr/local/texlive/2020/texmf-dist/tex/latex/fontspec/fontspec-xetex.sty
Package: fontspec-xetex 2020/02/21 v2.7i Font selection for XeLaTeX and LuaLaTeX
\l__fontspec_script_int=\count275
\l__fontspec_language_int=\count276
\l__fontspec_strnum_int=\count277
\l__fontspec_tmp_int=\count278
\l__fontspec_tmpa_int=\count279
\l__fontspec_tmpb_int=\count280
\l__fontspec_tmpc_int=\count281
\l__fontspec_em_int=\count282
\l__fontspec_emdef_int=\count283
\l__fontspec_strong_int=\count284
\l__fontspec_strongdef_int=\count285
\l__fontspec_tmpa_dim=\dimen168
\l__fontspec_tmpb_dim=\dimen169
\l__fontspec_tmpc_dim=\dimen170
 (/usr/local/texlive/2020/texmf-dist/tex/latex/base/fontenc.sty
Package: fontenc 2020/02/11 v2.0o Standard LaTeX package
) (/usr/local/texlive/2020/texmf-dist/tex/latex/fontspec/fontspec.cfg))) (/usr/local/texlive/2020/texmf-dist/tex/xelatex/xecjk/xeCJK.cfg
File: xeCJK.cfg 2020/02/18 v3.8.2 Configuration file for xeCJK package
)) (/usr/local/texlive/2020/texmf-dist/tex/xelatex/xecjk/xeCJKfntef.sty
Package: xeCJKfntef 2020/02/18 v3.8.2 xeCJK font effect
 (/usr/local/texlive/2020/texmf-dist/tex/generic/ulem/ulem.sty
\UL@box=\box50
\UL@hyphenbox=\box51
\UL@skip=\skip58
\UL@hook=\toks24
\UL@height=\dimen171
\UL@pe=\count286
\UL@pixel=\dimen172
\ULC@box=\box52
Package: ulem 2019/11/18
\ULdepth=\dimen173
)
\l__xeCJK_space_skip=\skip59
\c__xeCJK_ulem-begin_node_dim=\dimen174
\c__xeCJK_null_box=\box53
\l__xeCJK_fntef_box=\box54
\l__xeCJK_under_symbol_box=\box55
\c__xeCJK_filll_skip=\skip60
)
\ccwd=\dimen175
\l__ctex_ccglue_skip=\skip61
)
\l__ctex_ziju_dim=\dimen176
 (/usr/local/texlive/2020/texmf-dist/tex/latex/zhnumber/zhnumber.sty
Package: zhnumber 2019/04/07 v2.7 Typesetting numbers with Chinese glyphs
\l__zhnum_scale_int=\count287
 (/usr/local/texlive/2020/texmf-dist/tex/latex/zhnumber/zhnumber-utf8.cfg
File: zhnumber-utf8.cfg 2019/04/07 v2.7 Chinese numerals with UTF8 encoding
)) (/usr/local/texlive/2020/texmf-dist/tex/latex/ctex/scheme/ctex-scheme-chinese.def
File: ctex-scheme-chinese.def 2019/05/29 v2.4.16 Chinese scheme for generic (CTEX)
 (/usr/local/texlive/2020/texmf-dist/tex/latex/ctex/config/ctex-name-utf8.cfg
File: ctex-name-utf8.cfg 2019/05/29 v2.4.16 Caption with encoding UTF8 (CTEX)
)) (/usr/local/texlive/2020/texmf-dist/tex/latex/tools/indentfirst.sty
Package: indentfirst 1995/11/23 v1.03 Indent first paragraph (DPC)
) (/usr/local/texlive/2020/texmf-dist/tex/latex/ctex/ctex-c5size.clo
File: ctex-c5size.clo 2019/05/29 v2.4.16 c5size option (CTEX)
) (/usr/local/texlive/2020/texmf-dist/tex/latex/ctex/fontset/ctex-fontset-fandol.def
File: ctex-fontset-fandol.def 2019/05/29 v2.4.16 Fandol fonts definition (CTEX)


Package fontspec Warning: Font "FandolSong-Regular" does not contain requested
(fontspec)                Script "CJK".


Package fontspec Info: Font family 'FandolSong-Regular(0)' created for font
(fontspec)             'FandolSong-Regular' with options
(fontspec)             [Script={CJK},Extension={.otf},BoldFont={FandolSong-Bold},ItalicFont={FandolKai-Regular}].
(fontspec)              
(fontspec)              This font family consists of the following NFSS
(fontspec)             series/shapes:
(fontspec)              
(fontspec)             - 'normal' (m/n) with NFSS spec.:
(fontspec)             <->"[FandolSong-Regular.otf]/OT:language=dflt;"
(fontspec)             - 'small caps'  (m/sc) with NFSS spec.: 
(fontspec)             - 'bold' (b/n) with NFSS spec.:
(fontspec)             <->"[FandolSong-Bold.otf]/OT:language=dflt;"
(fontspec)             - 'bold small caps'  (b/sc) with NFSS spec.: 
(fontspec)             - 'italic' (m/it) with NFSS spec.:
(fontspec)             <->"[FandolKai-Regular.otf]/OT:language=dflt;"
(fontspec)             - 'italic small caps'  (m/scit) with NFSS spec.: 

)) (/usr/local/texlive/2020/texmf-dist/tex/latex/ctex/config/ctex.cfg
File: ctex.cfg 2019/05/29 v2.4.16 Configuration file (CTEX)
) (/usr/local/texlive/2020/texmf-dist/tex/latex/psnfss/times.sty
Package: times 2005/04/12 PSNFSS-v9.2a (SPQR) 
) (/usr/local/texlive/2020/texmf-dist/tex/latex/graphics/epsfig.sty
Package: epsfig 2017/06/25 v1.7b (e)psfig emulation (SPQR)
 (/usr/local/texlive/2020/texmf-dist/tex/latex/graphics/graphicx.sty
Package: graphicx 2019/11/30 v1.2a Enhanced LaTeX Graphics (DPC,SPQR)
 (/usr/local/texlive/2020/texmf-dist/tex/latex/graphics/graphics.sty
Package: graphics 2019/11/30 v1.4a Standard LaTeX Graphics (DPC,SPQR)
 (/usr/local/texlive/2020/texmf-dist/tex/latex/graphics/trig.sty
Package: trig 2016/01/03 v1.10 sin cos tan (DPC)
) (/usr/local/texlive/2020/texmf-dist/tex/latex/graphics-cfg/graphics.cfg
File: graphics.cfg 2016/06/04 v1.11 sample graphics configuration
)
Package graphics Info: Driver file: xetex.def on input line 105.
 (/usr/local/texlive/2020/texmf-dist/tex/latex/graphics-def/xetex.def
File: xetex.def 2017/06/24 v5.0h Graphics/color driver for xetex
))
\Gin@req@height=\dimen177
\Gin@req@width=\dimen178
)
\epsfxsize=\dimen179
\epsfysize=\dimen180
) (/usr/local/texlive/2020/texmf-dist/tex/latex/amsmath/amsmath.sty
Package: amsmath 2020/01/20 v2.17e AMS math features
\@mathmargin=\skip62

For additional information on amsmath, use the `?' option.
(/usr/local/texlive/2020/texmf-dist/tex/latex/amsmath/amstext.sty
Package: amstext 2000/06/29 v2.01 AMS text
 (/usr/local/texlive/2020/texmf-dist/tex/latex/amsmath/amsgen.sty
File: amsgen.sty 1999/11/30 v2.0 generic functions
\@emptytoks=\toks25
\ex@=\dimen181
)) (/usr/local/texlive/2020/texmf-dist/tex/latex/amsmath/amsbsy.sty
Package: amsbsy 1999/11/29 v1.2d Bold Symbols
\pmbraise@=\dimen182
) (/usr/local/texlive/2020/texmf-dist/tex/latex/amsmath/amsopn.sty
Package: amsopn 2016/03/08 v2.02 operator names
)
\inf@bad=\count288
LaTeX Info: Redefining \frac on input line 227.
\uproot@=\count289
\leftroot@=\count290
LaTeX Info: Redefining \overline on input line 389.
\classnum@=\count291
\DOTSCASE@=\count292
LaTeX Info: Redefining \ldots on input line 486.
LaTeX Info: Redefining \dots on input line 489.
LaTeX Info: Redefining \cdots on input line 610.
\Mathstrutbox@=\box56
\strutbox@=\box57
\big@size=\dimen183
LaTeX Font Info:    Redeclaring font encoding OML on input line 733.
LaTeX Font Info:    Redeclaring font encoding OMS on input line 734.
\macc@depth=\count293
\c@MaxMatrixCols=\count294
\dotsspace@=\muskip18
\c@parentequation=\count295
\dspbrk@lvl=\count296
\tag@help=\toks26
\row@=\count297
\column@=\count298
\maxfields@=\count299
\andhelp@=\toks27
\eqnshift@=\dimen184
\alignsep@=\dimen185
\tagshift@=\dimen186
\tagwidth@=\dimen187
\totwidth@=\dimen188
\lineht@=\dimen189
\@envbody=\toks28
\multlinegap=\skip63
\multlinetaggap=\skip64
\mathdisplay@stack=\toks29
LaTeX Info: Redefining \[ on input line 2859.
LaTeX Info: Redefining \] on input line 2860.
) (/usr/local/texlive/2020/texmf-dist/tex/latex/amsfonts/amssymb.sty
Package: amssymb 2013/01/14 v3.01 AMS font symbols
 (/usr/local/texlive/2020/texmf-dist/tex/latex/amsfonts/amsfonts.sty
Package: amsfonts 2013/01/14 v3.01 Basic AMSFonts support
\symAMSa=\mathgroup4
\symAMSb=\mathgroup5
LaTeX Font Info:    Redeclaring math symbol \hbar on input line 98.
LaTeX Font Info:    Overwriting math alphabet `\mathfrak' in version `bold'
(Font)                  U/euf/m/n --> U/euf/b/n on input line 106.
)) (/usr/local/texlive/2020/texmf-dist/tex/latex/subfigure/subfigure.sty
Package: subfigure 2002/03/15 v2.1.5 subfigure package
\subfigtopskip=\skip65
\subfigcapskip=\skip66
\subfigcaptopadj=\dimen190
\subfigbottomskip=\skip67
\subfigcapmargin=\dimen191
\subfiglabelskip=\skip68
\c@subfigure=\count300
\c@lofdepth=\count301
\c@subtable=\count302
\c@lotdepth=\count303

****************************************
* Local config file subfigure.cfg used *
****************************************
(/usr/local/texlive/2020/texmf-dist/tex/latex/subfigure/subfigure.cfg)
\subfig@top=\skip69
\subfig@bottom=\skip70
) (/usr/local/texlive/2020/texmf-dist/tex/latex/overpic/overpic.sty
Package: overpic 2020/02/22 1.3 picture overlays (RN)
 (/usr/local/texlive/2020/texmf-dist/tex/latex/eepic/epic.sty
Enhancements to Picture Environment. Version 1.2 - Released June 1, 1986
\@@multicnt=\count304
\d@lta=\count305
\@delta=\dimen192
\@@delta=\dimen193
\@gridcnt=\count306
\@joinkind=\count307
\@dotgap=\dimen194
\@ddotgap=\dimen195
\@x@diff=\count308
\@y@diff=\count309
\x@diff=\dimen196
\y@diff=\dimen197
\@dotbox=\box58
\num@segments=\count310
\num@segmentsi=\count311
\@datafile=\read2
)
\OVP@box=\box59
) (/usr/local/texlive/2020/texmf-dist/tex/latex/enumitem/enumitem.sty
Package: enumitem 2019/06/20 v3.9 Customized lists
\labelindent=\skip71
\enit@outerparindent=\dimen198
\enit@toks=\toks30
\enit@inbox=\box60
\enit@count@id=\count312
\enitdp@description=\count313
) (/usr/local/texlive/2020/texmf-dist/tex/latex/hyperref/hyperref.sty
Package: hyperref 2020/01/14 v7.00d Hypertext links for LaTeX
 (/usr/local/texlive/2020/texmf-dist/tex/generic/ltxcmds/ltxcmds.sty
Package: ltxcmds 2019/12/15 v1.24 LaTeX kernel commands for general use (HO)
) (/usr/local/texlive/2020/texmf-dist/tex/generic/iftex/iftex.sty
Package: iftex 2020/03/06 v1.0d TeX engine tests
) (/usr/local/texlive/2020/texmf-dist/tex/latex/pdftexcmds/pdftexcmds.sty
Package: pdftexcmds 2019/11/24 v0.31 Utility functions of pdfTeX for LuaTeX (HO)
 (/usr/local/texlive/2020/texmf-dist/tex/generic/infwarerr/infwarerr.sty
Package: infwarerr 2019/12/03 v1.5 Providing info/warning/error messages (HO)
)
Package pdftexcmds Info: \pdf@primitive is available.
Package pdftexcmds Info: \pdf@ifprimitive is available.
Package pdftexcmds Info: \pdfdraftmode not found.
) (/usr/local/texlive/2020/texmf-dist/tex/generic/kvsetkeys/kvsetkeys.sty
Package: kvsetkeys 2019/12/15 v1.18 Key value parser (HO)
) (/usr/local/texlive/2020/texmf-dist/tex/generic/kvdefinekeys/kvdefinekeys.sty
Package: kvdefinekeys 2019-12-19 v1.6 Define keys (HO)
) (/usr/local/texlive/2020/texmf-dist/tex/generic/pdfescape/pdfescape.sty
Package: pdfescape 2019/12/09 v1.15 Implements pdfTeX's escape features (HO)
) (/usr/local/texlive/2020/texmf-dist/tex/latex/hycolor/hycolor.sty
Package: hycolor 2020-01-27 v1.10 Color options for hyperref/bookmark (HO)
) (/usr/local/texlive/2020/texmf-dist/tex/latex/letltxmacro/letltxmacro.sty
Package: letltxmacro 2019/12/03 v1.6 Let assignment for LaTeX macros (HO)
) (/usr/local/texlive/2020/texmf-dist/tex/latex/auxhook/auxhook.sty
Package: auxhook 2019-12-17 v1.6 Hooks for auxiliary files (HO)
) (/usr/local/texlive/2020/texmf-dist/tex/latex/kvoptions/kvoptions.sty
Package: kvoptions 2019/11/29 v3.13 Key value format for package options (HO)
)
\@linkdim=\dimen199
\Hy@linkcounter=\count314
\Hy@pagecounter=\count315
 (/usr/local/texlive/2020/texmf-dist/tex/latex/hyperref/pd1enc.def
File: pd1enc.def 2020/01/14 v7.00d Hyperref: PDFDocEncoding definition (HO)
) (/usr/local/texlive/2020/texmf-dist/tex/generic/intcalc/intcalc.sty
Package: intcalc 2019/12/15 v1.3 Expandable calculations with integers (HO)
) (/usr/local/texlive/2020/texmf-dist/tex/generic/etexcmds/etexcmds.sty
Package: etexcmds 2019/12/15 v1.7 Avoid name clashes with e-TeX commands (HO)
)
\Hy@SavedSpaceFactor=\count316
Package hyperref Info: Option `final' set `true' on input line 4421.
Package hyperref Info: Option `unicode' set `true' on input line 4421.
 (/usr/local/texlive/2020/texmf-dist/tex/latex/hyperref/puenc.def
File: puenc.def 2020/01/14 v7.00d Hyperref: PDF Unicode definition (HO)
)
Package hyperref Info: Option `breaklinks' set `true' on input line 4421.
Package hyperref Info: Option `colorlinks' set `true' on input line 4421.
Package hyperref Info: Option `bookmarks' set `false' on input line 4421.
Package hyperref Info: Hyper figures OFF on input line 4547.
Package hyperref Info: Link nesting OFF on input line 4552.
Package hyperref Info: Hyper index ON on input line 4555.
Package hyperref Info: Plain pages OFF on input line 4562.
Package hyperref Info: Backreferencing ON on input line 4565.
Package hyperref Info: Implicit mode ON; LaTeX internals redefined.
Package hyperref Info: Bookmarks OFF on input line 4806.
 (/usr/local/texlive/2020/texmf-dist/tex/latex/hyperref/backref.sty
Package: backref 2020/01/14 v1.40 Bibliographical back referencing
 (/usr/local/texlive/2020/texmf-dist/tex/latex/rerunfilecheck/rerunfilecheck.sty
Package: rerunfilecheck 2019/12/05 v1.9 Rerun checks for auxiliary files (HO)
 (/usr/local/texlive/2020/texmf-dist/tex/latex/atveryend/atveryend.sty
Package: atveryend 2019-12-11 v1.11 Hooks at the very end of document (HO)
) (/usr/local/texlive/2020/texmf-dist/tex/generic/uniquecounter/uniquecounter.sty
Package: uniquecounter 2019/12/15 v1.4 Provide unlimited unique counter (HO)
 (/usr/local/texlive/2020/texmf-dist/tex/generic/bigintcalc/bigintcalc.sty
Package: bigintcalc 2019/12/15 v1.5 Expandable calculations on big integers (HO)
))
Package uniquecounter Info: New unique counter `rerunfilecheck' on input line 286.
))
\c@Hy@tempcnt=\count317
LaTeX Info: Redefining \url on input line 5159.
\XeTeXLinkMargin=\dimen256
 (/usr/local/texlive/2020/texmf-dist/tex/generic/bitset/bitset.sty
Package: bitset 2019/12/09 v1.3 Handle bit-vector datatype (HO)
)
\Fld@menulength=\count318
\Field@Width=\dimen257
\Fld@charsize=\dimen258
Package hyperref Info: Hyper figures OFF on input line 6430.
Package hyperref Info: Link nesting OFF on input line 6435.
Package hyperref Info: Hyper index ON on input line 6438.
Package hyperref Info: backreferencing ON on input line 6443.
Package hyperref Info: Link coloring ON on input line 6448.
Package hyperref Info: Link coloring with OCG OFF on input line 6455.
Package hyperref Info: PDF/A mode OFF on input line 6460.
LaTeX Info: Redefining \ref on input line 6500.
LaTeX Info: Redefining \pageref on input line 6504.
 (/usr/local/texlive/2020/texmf-dist/tex/generic/atbegshi/atbegshi.sty
Package: atbegshi 2019/12/05 v1.19 At begin shipout hook (HO)
)
\Hy@abspage=\count319
\c@Item=\count320
\c@Hfootnote=\count321
)
Package hyperref Info: Driver (autodetected): hxetex.
 (/usr/local/texlive/2020/texmf-dist/tex/latex/hyperref/hxetex.def
File: hxetex.def 2020/01/14 v7.00d Hyperref driver for XeTeX
 (/usr/local/texlive/2020/texmf-dist/tex/generic/stringenc/stringenc.sty
Package: stringenc 2019/11/29 v1.12 Convert strings between diff. encodings (HO)
)
\pdfm@box=\box61
\c@Hy@AnnotLevel=\count322
\HyField@AnnotCount=\count323
\Fld@listcount=\count324
\c@bookmark@seq@number=\count325
\Hy@SectionHShift=\skip72
) (./SaliencyCN.aux)
\openout1 = `SaliencyCN.aux'.

LaTeX Font Info:    Checking defaults for OML/cmm/m/it on input line 57.
LaTeX Font Info:    ... okay on input line 57.
LaTeX Font Info:    Checking defaults for OMS/cmsy/m/n on input line 57.
LaTeX Font Info:    ... okay on input line 57.
LaTeX Font Info:    Checking defaults for OT1/cmr/m/n on input line 57.
LaTeX Font Info:    ... okay on input line 57.
LaTeX Font Info:    Checking defaults for T1/cmr/m/n on input line 57.
LaTeX Font Info:    ... okay on input line 57.
LaTeX Font Info:    Checking defaults for TS1/cmr/m/n on input line 57.
LaTeX Font Info:    ... okay on input line 57.
LaTeX Font Info:    Checking defaults for TU/lmr/m/n on input line 57.
LaTeX Font Info:    ... okay on input line 57.
LaTeX Font Info:    Checking defaults for OMX/cmex/m/n on input line 57.
LaTeX Font Info:    ... okay on input line 57.
LaTeX Font Info:    Checking defaults for U/cmr/m/n on input line 57.
LaTeX Font Info:    ... okay on input line 57.
LaTeX Font Info:    Checking defaults for PD1/pdf/m/n on input line 57.
LaTeX Font Info:    ... okay on input line 57.
LaTeX Font Info:    Checking defaults for PU/pdf/m/n on input line 57.
LaTeX Font Info:    ... okay on input line 57.
LaTeX Font Info:    Trying to load font information for TU+ptm on input line 57.
LaTeX Font Info:    No file TUptm.fd. on input line 57.


LaTeX Font Warning: Font shape `TU/ptm/m/n' undefined
(Font)              using `TU/lmr/m/n' instead on input line 57.

ABD: EveryShipout initializing macros (/usr/local/texlive/2020/texmf-dist/tex/latex/graphics/color.sty
Package: color 2019/11/23 v1.2a Standard LaTeX Color (DPC)
 (/usr/local/texlive/2020/texmf-dist/tex/latex/graphics-cfg/color.cfg
File: color.cfg 2016/01/02 v1.6 sample color configuration
)
Package color Info: Driver file: xetex.def on input line 147.
) ABD: EverySelectfont initializing macros
LaTeX Info: Redefining \selectfont on input line 57.

Package fontspec Info: Adjusting the maths setup (use [no-math] to avoid
(fontspec)             this).

\symlegacymaths=\mathgroup6
LaTeX Font Info:    Overwriting symbol font `legacymaths' in version `bold'
(Font)                  OT1/cmr/m/n --> OT1/cmr/bx/n on input line 57.
LaTeX Font Info:    Redeclaring math accent \acute on input line 57.
LaTeX Font Info:    Redeclaring math accent \grave on input line 57.
LaTeX Font Info:    Redeclaring math accent \ddot on input line 57.
LaTeX Font Info:    Redeclaring math accent \tilde on input line 57.
LaTeX Font Info:    Redeclaring math accent \bar on input line 57.
LaTeX Font Info:    Redeclaring math accent \breve on input line 57.
LaTeX Font Info:    Redeclaring math accent \check on input line 57.
LaTeX Font Info:    Redeclaring math accent \hat on input line 57.
LaTeX Font Info:    Redeclaring math accent \dot on input line 57.
LaTeX Font Info:    Redeclaring math accent \mathring on input line 57.
LaTeX Font Info:    Redeclaring math symbol \Gamma on input line 57.
LaTeX Font Info:    Redeclaring math symbol \Delta on input line 57.
LaTeX Font Info:    Redeclaring math symbol \Theta on input line 57.
LaTeX Font Info:    Redeclaring math symbol \Lambda on input line 57.
LaTeX Font Info:    Redeclaring math symbol \Xi on input line 57.
LaTeX Font Info:    Redeclaring math symbol \Pi on input line 57.
LaTeX Font Info:    Redeclaring math symbol \Sigma on input line 57.
LaTeX Font Info:    Redeclaring math symbol \Upsilon on input line 57.
LaTeX Font Info:    Redeclaring math symbol \Phi on input line 57.
LaTeX Font Info:    Redeclaring math symbol \Psi on input line 57.
LaTeX Font Info:    Redeclaring math symbol \Omega on input line 57.
LaTeX Font Info:    Redeclaring math symbol \mathdollar on input line 57.
LaTeX Font Info:    Redeclaring symbol font `operators' on input line 57.
LaTeX Font Info:    Encoding `OT1' has changed to `TU' for symbol font
(Font)              `operators' in the math version `normal' on input line 57.
LaTeX Font Info:    Overwriting symbol font `operators' in version `normal'
(Font)                  OT1/cmr/m/n --> TU/ptm/m/n on input line 57.
LaTeX Font Info:    Encoding `OT1' has changed to `TU' for symbol font
(Font)              `operators' in the math version `bold' on input line 57.
LaTeX Font Info:    Overwriting symbol font `operators' in version `bold'
(Font)                  OT1/cmr/bx/n --> TU/ptm/m/n on input line 57.
LaTeX Font Info:    Overwriting symbol font `operators' in version `normal'
(Font)                  TU/ptm/m/n --> TU/ptm/m/n on input line 57.
LaTeX Font Info:    Overwriting math alphabet `\mathit' in version `normal'
(Font)                  OT1/cmr/m/it --> TU/ptm/m/it on input line 57.
LaTeX Font Info:    Overwriting math alphabet `\mathbf' in version `normal'
(Font)                  OT1/cmr/bx/n --> TU/ptm/b/n on input line 57.
LaTeX Font Info:    Overwriting math alphabet `\mathsf' in version `normal'
(Font)                  OT1/cmss/m/n --> TU/phv/m/n on input line 57.
LaTeX Font Info:    Overwriting math alphabet `\mathtt' in version `normal'
(Font)                  OT1/cmtt/m/n --> TU/pcr/m/n on input line 57.
LaTeX Font Info:    Overwriting symbol font `operators' in version `bold'
(Font)                  TU/ptm/m/n --> TU/ptm/b/n on input line 57.
LaTeX Font Info:    Overwriting math alphabet `\mathit' in version `bold'
(Font)                  OT1/cmr/bx/it --> TU/ptm/b/it on input line 57.
LaTeX Font Info:    Overwriting math alphabet `\mathsf' in version `bold'
(Font)                  OT1/cmss/bx/n --> TU/phv/b/n on input line 57.
LaTeX Font Info:    Overwriting math alphabet `\mathtt' in version `bold'
(Font)                  OT1/cmtt/m/n --> TU/pcr/b/n on input line 57.
\AtBeginShipoutBox=\box62
Package atbegshi Info: Package `everyshi' patched.
Package hyperref Info: Link coloring ON on input line 57.
 (/usr/local/texlive/2020/texmf-dist/tex/latex/hyperref/nameref.sty
Package: nameref 2019/09/16 v2.46 Cross-referencing by name of section
 (/usr/local/texlive/2020/texmf-dist/tex/latex/refcount/refcount.sty
Package: refcount 2019/12/15 v3.6 Data extraction from label references (HO)
) (/usr/local/texlive/2020/texmf-dist/tex/generic/gettitlestring/gettitlestring.sty
Package: gettitlestring 2019/12/15 v1.6 Cleanup title references (HO)
)
\c@section@level=\count326
)
LaTeX Info: Redefining \ref on input line 57.
LaTeX Info: Redefining \pageref on input line 57.
LaTeX Info: Redefining \nameref on input line 57.


LaTeX Font Warning: Font shape `TU/ptm/b/n' undefined
(Font)              using `TU/ptm/m/n' instead on input line 77.

LaTeX Font Info:    Trying to load font information for U+msa on input line 77.
(/usr/local/texlive/2020/texmf-dist/tex/latex/amsfonts/umsa.fd
Fi